Flow report for PipelineCPU
Sat Jan 23 21:59:02 2010
Quartus II Version 9.0 Build 132 02/25/2009 SJ Full Version


---------------------
; Table of Contents ;
---------------------
  1. Legal Notice
  2. Flow Summary
  3. Flow Settings
  4. Flow Non-Default Global Settings
  5. Flow Elapsed Time
  6. Flow OS Summary
  7. Flow Log



----------------
; Legal Notice ;
----------------
Copyright (C) 1991-2009 Altera Corporation
Your use of Altera Corporation's design tools, logic functions 
and other software and tools, and its AMPP partner logic 
functions, and any output files from any of the foregoing 
(including device programming or simulation files), and any 
associated documentation or information are expressly subject 
to the terms and conditions of the Altera Program License 
Subscription Agreement, Altera MegaCore Function License 
Agreement, or other applicable license agreement, including, 
without limitation, that your use is for the sole purpose of 
programming logic devices manufactured by Altera and sold by 
Altera or its authorized distributors.  Please refer to the 
applicable agreement for further details.



+-------------------------------------------------------------------------------+
; Flow Summary                                                                  ;
+------------------------------------+------------------------------------------+
; Flow Status                        ; Successful - Sat Jan 23 21:59:01 2010    ;
; Quartus II Version                 ; 9.0 Build 132 02/25/2009 SJ Full Version ;
; Revision Name                      ; PipelineCPU                              ;
; Top-level Entity Name              ; PipelineCPU                              ;
; Family                             ; Cyclone II                               ;
; Device                             ; EP2C70F896C6                             ;
; Timing Models                      ; Final                                    ;
; Met timing requirements            ; No                                       ;
; Total logic elements               ; 122 / 68,416 ( < 1 % )                   ;
;     Total combinational functions  ; 122 / 68,416 ( < 1 % )                   ;
;     Dedicated logic registers      ; 44 / 68,416 ( < 1 % )                    ;
; Total registers                    ; 44                                       ;
; Total pins                         ; 476 / 622 ( 77 % )                       ;
; Total virtual pins                 ; 0                                        ;
; Total memory bits                  ; 0 / 1,152,000 ( 0 % )                    ;
; Embedded Multiplier 9-bit elements ; 0 / 300 ( 0 % )                          ;
; Total PLLs                         ; 0 / 4 ( 0 % )                            ;
+------------------------------------+------------------------------------------+


+-----------------------------------------+
; Flow Settings                           ;
+-------------------+---------------------+
; Option            ; Setting             ;
+-------------------+---------------------+
; Start date & time ; 01/23/2010 21:58:22 ;
; Main task         ; Compilation         ;
; Revision Name     ; PipelineCPU         ;
+-------------------+---------------------+


+---------------------------------------------------------------------------------------------------------------------------+
; Flow Non-Default Global Settings                                                                                          ;
+------------------------------------+---------------------------------------+---------------+-------------+----------------+
; Assignment Name                    ; Value                                 ; Default Value ; Entity Name ; Section Id     ;
+------------------------------------+---------------------------------------+---------------+-------------+----------------+
; COMPILER_SIGNATURE_ID              ; 136927920528.126425510205804          ; --            ; --          ; --             ;
; IP_TOOL_NAME                       ; ROM: 1-PORT                           ; --            ; --          ; --             ;
; IP_TOOL_NAME                       ; RAM: 2-PORT                           ; --            ; --          ; --             ;
; IP_TOOL_VERSION                    ; 9.0                                   ; --            ; --          ; --             ;
; IP_TOOL_VERSION                    ; 9.0                                   ; --            ; --          ; --             ;
; MAX_CORE_JUNCTION_TEMP             ; 85                                    ; --            ; --          ; --             ;
; MIN_CORE_JUNCTION_TEMP             ; 0                                     ; --            ; --          ; --             ;
; MISC_FILE                          ; lpm_instRom.bsf                       ; --            ; --          ; --             ;
; MISC_FILE                          ; lpm_instRom_bb.v                      ; --            ; --          ; --             ;
; MISC_FILE                          ; lpm_dataRam.bsf                       ; --            ; --          ; --             ;
; MISC_FILE                          ; lpm_dataRam_bb.v                      ; --            ; --          ; --             ;
; PARTITION_COLOR                    ; 16764057                              ; --            ; --          ; Top            ;
; PARTITION_NETLIST_TYPE             ; SOURCE                                ; --            ; --          ; Top            ;
; POWER_BOARD_THERMAL_MODEL          ; None (CONSERVATIVE)                   ; --            ; --          ; --             ;
; POWER_PRESET_COOLING_SOLUTION      ; 23 MM HEAT SINK WITH 200 LFPM AIRFLOW ; --            ; --          ; --             ;
; PROJECT_OUTPUT_DIRECTORY           ; ./release                             ; --            ; --          ; --             ;
; USE_GENERATED_PHYSICAL_CONSTRAINTS ; Off                                   ; --            ; --          ; eda_blast_fpga ;
+------------------------------------+---------------------------------------+---------------+-------------+----------------+


+-----------------------------------------------------------------------------------------------------------------------------+
; Flow Elapsed Time                                                                                                           ;
+-------------------------+--------------+-------------------------+---------------------+------------------------------------+
; Module Name             ; Elapsed Time ; Average Processors Used ; Peak Virtual Memory ; Total CPU Time (on all processors) ;
+-------------------------+--------------+-------------------------+---------------------+------------------------------------+
; Analysis & Synthesis    ; 00:00:05     ; 1.0                     ; 210 MB              ; 00:00:04                           ;
; Fitter                  ; 00:00:20     ; 1.1                     ; 353 MB              ; 00:00:20                           ;
; Assembler               ; 00:00:09     ; 1.0                     ; 320 MB              ; 00:00:09                           ;
; Classic Timing Analyzer ; 00:00:00     ; 1.0                     ; 158 MB              ; 00:00:01                           ;
; Total                   ; 00:00:34     ; --                      ; --                  ; 00:00:34                           ;
+-------------------------+--------------+-------------------------+---------------------+------------------------------------+


+------------------------------------------------------------------------------------------+
; Flow OS Summary                                                                          ;
+-------------------------+------------------+---------------+------------+----------------+
; Module Name             ; Machine Hostname ; OS Name       ; OS Version ; Processor type ;
+-------------------------+------------------+---------------+------------+----------------+
; Analysis & Synthesis    ; dell-PC          ; Windows Vista ; 6.1        ; i686           ;
; Fitter                  ; dell-PC          ; Windows Vista ; 6.1        ; i686           ;
; Assembler               ; dell-PC          ; Windows Vista ; 6.1        ; i686           ;
; Classic Timing Analyzer ; dell-PC          ; Windows Vista ; 6.1        ; i686           ;
+-------------------------+------------------+---------------+------------+----------------+


------------
; Flow Log ;
------------
quartus_map --read_settings_files=on --write_settings_files=off PipelineCPU -c PipelineCPU
quartus_fit --read_settings_files=off --write_settings_files=off PipelineCPU -c PipelineCPU
quartus_asm --read_settings_files=off --write_settings_files=off PipelineCPU -c PipelineCPU
quartus_tan --read_settings_files=off --write_settings_files=off PipelineCPU -c PipelineCPU --timing_analysis_only



